<?xml version="1.0" encoding="UTF-8"?>
<!-- Generated by org.testng.reporters.JUnitReportReporter -->
<testsuite hostname="MAC14847" name="testCases.MDP_FindAllLinks_TC" tests="1" failures="0" timestamp="17 Sep 2016 12:20:36 GMT" time="486.181" errors="0">
  <testcase name="verifyLinksCampaigns" time="486.181" classname="testCases.MDP_FindAllLinks_TC"/>
</testsuite> <!-- testCases.MDP_FindAllLinks_TC -->
