<?xml version="1.0" encoding="UTF-8"?>
<!-- Generated by org.testng.reporters.JUnitReportReporter -->
<testsuite hostname="MAC14847" name="testCases.MDP_Menu_TC" tests="1" failures="0" timestamp="23 Sep 2016 05:09:59 GMT" time="32.861" errors="0">
  <testcase name="verifyMenu" time="32.861" classname="testCases.MDP_Menu_TC"/>
</testsuite> <!-- testCases.MDP_Menu_TC -->
